[2024-01-27 02:44:47,341] <entrypoint> INFO - Entrypoint script version 1.0
[2024-01-27 02:44:47,342] <entrypoint> INFO - Entrypoint functions version 1.0
[2024-01-27 02:44:47,348] <entrypoint> INFO - Entrypoint running with UID 0 (root)
[2024-01-27 02:44:47,350] <entrypoint> INFO - GID/UID for unifi are unchanged: GID=999, UID=999
[2024-01-27 02:44:47,351] <entrypoint> INFO - Checking system.properties setup for container
[2024-01-27 02:44:47,352] <entrypoint> INFO - '/usr/lib/unifi/data/system.properties' doesn't exist, copying from '/usr/lib/unifi/system.properties.default'
[2024-01-27 02:44:47,355] <entrypoint> WARN - Custom SSL: missing '/usr/lib/unifi/cert/privkey.pem'
[2024-01-27 02:44:47,356] <entrypoint> WARN - Custom SSL: missing '/usr/lib/unifi/cert/fullchain.pem'
[2024-01-27 02:44:47,357] <entrypoint> WARN - Custom SSL: certificate import was NOT performed
[2024-01-27 02:44:47,361] <entrypoint> INFO - Ensuring permissions are correct before continuing - 'chown -R unifi:unifi /usr/lib/unifi'
[2024-01-27 02:44:47,362] <entrypoint> INFO - Running recursive 'chown' can be slow. Be patient.
[2024-01-27 02:44:54,015] <entrypoint> INFO - Use gosu to drop privileges and start Java/UniFi as GID=999, UID=999
[2024-01-27 02:44:54,016] <entrypoint> EXEC - gosu unifi:unifi /usr/bin/java  -Xmx1024M --add-opens=java.base/java.time=ALL-UNNAMED -Dunifi.datadir=/usr/lib/unifi/data -Dunifi.logdir=/usr/lib/unifi/logs -Dunifi.rundir=/usr/lib/unifi/run -Djava.awt.headless=true -Dfile.encoding=UTF-8 -jar /usr/lib/unifi/lib/ace.jar start
[2024-01-27 02:44:54,527] <launcher> INFO  launcher - Initializing on Linux(6.5.11-linuxkit), jre17(17.0.9)
[2024-01-27 02:44:54,529] <launcher> INFO  system - *** Running for the first time, creating identity ***
[2024-01-27 02:44:54,529] <launcher> INFO  system - UUID: 059934a8-0644-4a39-ac97-b7122e6d07eb
[2024-01-27 02:44:54,537] <launcher> INFO  system - Reporter UUID: 5b6ec8da-9bf9-4e29-8538-747363350d83
[2024-01-27 02:44:54,843] <launcher> WARN  system - Valid keystore is missing or invalid. Generating one ...
[2024-01-27 02:44:54,844] <launcher> INFO  system - Generating Certificate[UniFi]... please wait...
[2024-01-27 02:44:54,984] <launcher> INFO  system - Certificate[UniFi] generated!
[2024-01-27 02:44:55,023] <launcher> INFO  tomcat - Adding basic REST API support during the startup
[2024-01-27 02:44:55,343] <launcher> INFO  system - Tomcat startup took 643ms
[2024-01-27 02:44:55,354] <launcher> INFO  tomcat - Adding basic REST API support during the startup
[2024-01-27 02:44:59,300] <launcher> INFO  db     - Starting database service initialization...
[2024-01-27 02:44:59,301] <launcher> INFO  db     - waiting for db connection...
[2024-01-27 02:44:59,807] <launcher> INFO  db     - Connecting to mongodb://mongo:27017/unifi
[2024-01-27 02:44:59,879] <launcher> INFO  db     - db connection established...
[2024-01-27 02:44:59,909] <launcher> INFO  db     - db connected (v3.6.23@mongodb://mongo:27017/unifi, journal enabled)
[2024-01-27 02:45:00,405] <launcher> INFO  db     - Database service initialized...
[2024-01-27 02:45:00,410] <launcher> INFO  system - ======================================================================
[2024-01-27 02:45:00,411] <launcher> INFO  system - UniFi 8.0.28 (build atag_8.0.28_24416 - release/release) is started
[2024-01-27 02:45:00,411] <launcher> INFO  system - Environment: UniFi-OS[false], UniFi-Cloud[false], UniFi-MongoService[false]
[2024-01-27 02:45:00,411] <launcher> INFO  system - ======================================================================
[2024-01-27 02:45:00,412] <launcher> INFO  system - BASE dir:/usr/lib/unifi
[2024-01-27 02:45:00,412] <launcher> INFO  system - Current System IP: 172.18.0.3
[2024-01-27 02:45:00,412] <launcher> INFO  system - Hostname: unifi
[2024-01-27 02:45:00,412] <launcher> INFO  system - ubic.env: prod
[2024-01-27 02:45:02,069] <launcher> WARN  CustomConversions - Registering converter from class java.time.LocalDateTime to class org.joda.time.LocalDateTime as reading converter although it doesn't convert from a store-supported type; You might want to check your annotation setup at the converter implementation
[2024-01-27 02:45:02,365] <launcher> INFO  db     - Connecting to mongodb://mongo:27017/unifi_stat
[2024-01-27 02:45:04,057] <launcher> WARN  system - Country Code is not configured for Site with ID=65b4c28cfe5e0863b8e7dd6a
[2024-01-27 02:45:04,058] <launcher> WARN  system - Country Code is not configured for Site with ID=65b4c28cfe5e0863b8e7dd6a
[2024-01-27 02:45:04,305] <launcher> WARN  CustomConversions - Registering converter from class java.time.LocalDateTime to class org.joda.time.LocalDateTime as reading converter although it doesn't convert from a store-supported type; You might want to check your annotation setup at the converter implementation
[2024-01-27 02:45:06,694] <launcher> INFO  migration - DB migration initialized
[2024-01-27 02:45:06,699] <launcher> INFO  migration - DB migration finished
[2024-01-27 02:45:06,767] <ModelLifecycleManager-startStop> WARN  dev    - failed to read /usr/lib/unifi/data/model_lifecycles.json - /usr/lib/unifi/data/model_lifecycles.json (No such file or directory)
[2024-01-27 02:45:06,942] <launcher> INFO  productinfo - Using controller channel=RELEASE, firmware channel=RELEASE. Available controller channels=[RELEASE], available firmware channels=[RELEASE]. SSO is disabled.
[2024-01-27 02:45:06,956] <launcher> INFO  tomcat - systemd: Watchdog ping NOT enabled
[2024-01-27 02:45:06,956] <launcher> INFO  tomcat - systemd: Startup completed. Ready for watchdog keep-alive checking.
[2024-01-27 02:45:06,963] <launcher> INFO  sdnotify - ubnt_sdnotify_jni is loaded from: /usr/lib/unifi/lib/native/Linux/aarch64/libubnt_sdnotify_jni.so
[2024-01-27 02:46:07,464] <autoupdate-check> INFO  productinfo - firmware[BZ2] new version (4.3.28.11361) is available
[2024-01-27 02:46:07,465] <autoupdate-check> INFO  productinfo - firmware[BZ2LR] new version (4.3.28.11361) is available
[2024-01-27 02:46:07,466] <autoupdate-check> INFO  productinfo - firmware[S216150] new version (6.6.53.15174) is available
[2024-01-27 02:46:07,467] <autoupdate-check> INFO  productinfo - firmware[S224250] new version (6.6.53.15174) is available
[2024-01-27 02:46:07,468] <autoupdate-check> INFO  productinfo - firmware[S224500] new version (6.6.53.15174) is available
[2024-01-27 02:46:07,468] <autoupdate-check> INFO  productinfo - firmware[S248500] new version (6.6.53.15174) is available
[2024-01-27 02:46:07,468] <autoupdate-check> INFO  productinfo - firmware[S248750] new version (6.6.53.15174) is available
[2024-01-27 02:46:07,469] <autoupdate-check> INFO  productinfo - firmware[S28150] new version (6.6.53.15174) is available
[2024-01-27 02:46:07,469] <autoupdate-check> INFO  productinfo - firmware[U2HSR] new version (4.3.28.11361) is available
[2024-01-27 02:46:07,470] <autoupdate-check> INFO  productinfo - firmware[U2IW] new version (4.3.28.11361) is available
[2024-01-27 02:46:07,470] <autoupdate-check> INFO  productinfo - firmware[U2Lv2] new version (4.3.28.11361) is available
[2024-01-27 02:46:07,471] <autoupdate-check> INFO  productinfo - firmware[U2O] new version (4.3.28.11361) is available
[2024-01-27 02:46:07,471] <autoupdate-check> INFO  productinfo - firmware[U2Sv2] new version (4.3.28.11361) is available
[2024-01-27 02:46:07,472] <autoupdate-check> INFO  productinfo - firmware[U5O] new version (4.3.28.11361) is available
[2024-01-27 02:46:07,472] <autoupdate-check> INFO  productinfo - firmware[U6ENT] new version (6.5.71.14794) is available
[2024-01-27 02:46:07,473] <autoupdate-check> INFO  productinfo - firmware[U6ENTIW] new version (6.5.71.14794) is available
[2024-01-27 02:46:07,473] <autoupdate-check> INFO  productinfo - firmware[U6EXT] new version (6.5.71.14794) is available
[2024-01-27 02:46:07,473] <autoupdate-check> INFO  productinfo - firmware[U6IW] new version (6.5.71.14794) is available
[2024-01-27 02:46:07,474] <autoupdate-check> INFO  productinfo - firmware[U6M] new version (6.5.71.14794) is available
[2024-01-27 02:46:07,475] <autoupdate-check> INFO  productinfo - firmware[U7EDU] new version (4.3.28.11361) is available
[2024-01-27 02:46:07,476] <autoupdate-check> INFO  productinfo - firmware[U7HD] new version (6.6.55.15189) is available
[2024-01-27 02:46:07,476] <autoupdate-check> INFO  productinfo - firmware[U7IW] new version (6.6.55.15189) is available
[2024-01-27 02:46:07,477] <autoupdate-check> INFO  productinfo - firmware[U7IWP] new version (4.3.28.11361) is available
[2024-01-27 02:46:07,477] <autoupdate-check> INFO  productinfo - firmware[U7LR] new version (6.6.55.15189) is available
[2024-01-27 02:46:07,477] <autoupdate-check> INFO  productinfo - firmware[U7LT] new version (6.6.55.15189) is available
[2024-01-27 02:46:07,478] <autoupdate-check> INFO  productinfo - firmware[U7MP] new version (6.6.55.15189) is available
[2024-01-27 02:46:07,478] <autoupdate-check> INFO  productinfo - firmware[U7MSH] new version (6.6.55.15189) is available
[2024-01-27 02:46:07,478] <autoupdate-check> INFO  productinfo - firmware[U7NHD] new version (6.6.55.15189) is available
[2024-01-27 02:46:07,479] <autoupdate-check> INFO  productinfo - firmware[U7P] new version (4.3.28.11361) is available
[2024-01-27 02:46:07,480] <autoupdate-check> INFO  productinfo - firmware[U7PG2] new version (6.6.55.15189) is available
[2024-01-27 02:46:07,480] <autoupdate-check> INFO  productinfo - firmware[U7PRO] new version (7.0.35.15496) is available
[2024-01-27 02:46:07,480] <autoupdate-check> INFO  productinfo - firmware[U7SHD] new version (6.6.55.15189) is available
[2024-01-27 02:46:07,481] <autoupdate-check> INFO  productinfo - firmware[U7UKU] new version (6.6.55.15189) is available
[2024-01-27 02:46:07,481] <autoupdate-check> INFO  productinfo - firmware[UAE6] new version (6.6.55.15189) is available
[2024-01-27 02:46:07,481] <autoupdate-check> INFO  productinfo - firmware[UAIW6] new version (6.6.55.15189) is available
[2024-01-27 02:46:07,482] <autoupdate-check> INFO  productinfo - firmware[UAL6] new version (6.6.55.15189) is available
[2024-01-27 02:46:07,482] <autoupdate-check> INFO  productinfo - firmware[UALR6] new version (6.6.55.15189) is available
[2024-01-27 02:46:07,482] <autoupdate-check> INFO  productinfo - firmware[UALR6v2] new version (6.6.55.15189) is available
[2024-01-27 02:46:07,483] <autoupdate-check> INFO  productinfo - firmware[UALRPL6] new version (6.6.55.15189) is available
[2024-01-27 02:46:07,483] <autoupdate-check> INFO  productinfo - firmware[UAM6] new version (6.6.55.15189) is available
[2024-01-27 02:46:07,483] <autoupdate-check> INFO  productinfo - firmware[UAP6MP] new version (6.5.71.14794) is available
[2024-01-27 02:46:07,484] <autoupdate-check> INFO  productinfo - firmware[UAPL6] new version (6.6.55.15189) is available
[2024-01-27 02:46:07,484] <autoupdate-check> INFO  productinfo - firmware[UBB] new version (3.0.6.177) is available
[2024-01-27 02:46:07,485] <autoupdate-check> INFO  productinfo - firmware[UBBXG] new version (1.1.2.86) is available
[2024-01-27 02:46:07,485] <autoupdate-check> INFO  productinfo - firmware[UCI] new version (1.2.4.328) is available
[2024-01-27 02:46:07,485] <autoupdate-check> INFO  productinfo - firmware[UCK] new version (1.1.19.f4a17b0) is available
[2024-01-27 02:46:07,486] <autoupdate-check> INFO  productinfo - firmware[UCKG2] new version (2.1.11.a7986ca) is available
[2024-01-27 02:46:07,486] <autoupdate-check> INFO  productinfo - firmware[UCKP] new version (2.1.11.a7986ca) is available
[2024-01-27 02:46:07,486] <autoupdate-check> INFO  productinfo - firmware[UCXG] new version (6.6.55.15189) is available
[2024-01-27 02:46:07,487] <autoupdate-check> INFO  productinfo - firmware[UDM] new version (1.12.30.4325) is available
[2024-01-27 02:46:07,487] <autoupdate-check> INFO  productinfo - firmware[UDMB] new version (6.6.55.15189) is available
[2024-01-27 02:46:07,488] <autoupdate-check> INFO  productinfo - firmware[UDMPRO] new version (1.12.30.4325) is available
[2024-01-27 02:46:07,488] <autoupdate-check> INFO  productinfo - firmware[UFLHD] new version (6.6.55.15189) is available
[2024-01-27 02:46:07,488] <autoupdate-check> INFO  productinfo - firmware[UGW3] new version (4.4.57.5578372) is available
[2024-01-27 02:46:07,489] <autoupdate-check> INFO  productinfo - firmware[UGW4] new version (4.4.57.5578372) is available
[2024-01-27 02:46:07,489] <autoupdate-check> INFO  productinfo - firmware[UGWXG] new version (4.4.57.5578378) is available
[2024-01-27 02:46:07,489] <autoupdate-check> INFO  productinfo - firmware[UHDIW] new version (6.6.55.15189) is available
[2024-01-27 02:46:07,490] <autoupdate-check> INFO  productinfo - firmware[ULTE] new version (6.6.38.15101) is available
[2024-01-27 02:46:07,490] <autoupdate-check> INFO  productinfo - firmware[ULTEPEU] new version (6.6.38.15101) is available
[2024-01-27 02:46:07,490] <autoupdate-check> INFO  productinfo - firmware[ULTEPUS] new version (6.6.38.15101) is available
[2024-01-27 02:46:07,491] <autoupdate-check> INFO  productinfo - firmware[UP1] new version (2.2.4.523) is available
[2024-01-27 02:46:07,491] <autoupdate-check> INFO  productinfo - firmware[UP6] new version (2.2.4.523) is available
[2024-01-27 02:46:07,492] <autoupdate-check> INFO  productinfo - firmware[US16P150] new version (6.6.53.15174) is available
[2024-01-27 02:46:07,492] <autoupdate-check> INFO  productinfo - firmware[US24] new version (6.6.53.15174) is available
[2024-01-27 02:46:07,492] <autoupdate-check> INFO  productinfo - firmware[US24P250] new version (6.6.53.15174) is available
[2024-01-27 02:46:07,493] <autoupdate-check> INFO  productinfo - firmware[US24P500] new version (6.6.53.15174) is available
[2024-01-27 02:46:07,493] <autoupdate-check> INFO  productinfo - firmware[US24PL2] new version (6.6.53.15174) is available
[2024-01-27 02:46:07,493] <autoupdate-check> INFO  productinfo - firmware[US24PRO] new version (6.6.53.15174) is available
[2024-01-27 02:46:07,494] <autoupdate-check> INFO  productinfo - firmware[US24PRO2] new version (6.6.53.15174) is available
[2024-01-27 02:46:07,494] <autoupdate-check> INFO  productinfo - firmware[US48] new version (6.6.53.15174) is available
[2024-01-27 02:46:07,494] <autoupdate-check> INFO  productinfo - firmware[US48P500] new version (6.6.53.15174) is available
[2024-01-27 02:46:07,494] <autoupdate-check> INFO  productinfo - firmware[US48P750] new version (6.6.53.15174) is available
[2024-01-27 02:46:07,495] <autoupdate-check> INFO  productinfo - firmware[US48PL2] new version (6.6.53.15174) is available
[2024-01-27 02:46:07,495] <autoupdate-check> INFO  productinfo - firmware[US48PRO] new version (6.6.53.15174) is available
[2024-01-27 02:46:07,495] <autoupdate-check> INFO  productinfo - firmware[US48PRO2] new version (6.6.53.15174) is available
[2024-01-27 02:46:07,496] <autoupdate-check> INFO  productinfo - firmware[US624P] new version (6.6.53.15174) is available
[2024-01-27 02:46:07,496] <autoupdate-check> INFO  productinfo - firmware[US648P] new version (6.6.53.15174) is available
[2024-01-27 02:46:07,496] <autoupdate-check> INFO  productinfo - firmware[US68P] new version (6.6.53.15174) is available
[2024-01-27 02:46:07,497] <autoupdate-check> INFO  productinfo - firmware[US6XG150] new version (6.6.53.15174) is available
[2024-01-27 02:46:07,497] <autoupdate-check> INFO  productinfo - firmware[US8] new version (6.6.53.15174) is available
[2024-01-27 02:46:07,497] <autoupdate-check> INFO  productinfo - firmware[US8P150] new version (6.6.53.15174) is available
[2024-01-27 02:46:07,498] <autoupdate-check> INFO  productinfo - firmware[US8P60] new version (6.6.53.15174) is available
[2024-01-27 02:46:07,498] <autoupdate-check> INFO  productinfo - firmware[USAGGPRO] new version (6.6.53.15174) is available
[2024-01-27 02:46:07,498] <autoupdate-check> INFO  productinfo - firmware[USC8] new version (6.6.53.15174) is available
[2024-01-27 02:46:07,499] <autoupdate-check> INFO  productinfo - firmware[USC8P450] new version (6.6.53.15174) is available
[2024-01-27 02:46:07,499] <autoupdate-check> INFO  productinfo - firmware[USF5P] new version (6.6.53.15174) is available
[2024-01-27 02:46:07,499] <autoupdate-check> INFO  productinfo - firmware[USFXG] new version (6.6.53.15174) is available
[2024-01-27 02:46:07,499] <autoupdate-check> INFO  productinfo - firmware[USL16LP] new version (6.6.53.15174) is available
[2024-01-27 02:46:07,500] <autoupdate-check> INFO  productinfo - firmware[USL16LPB] new version (6.6.53.15174) is available
[2024-01-27 02:46:07,500] <autoupdate-check> INFO  productinfo - firmware[USL16P] new version (6.6.53.15174) is available
[2024-01-27 02:46:07,500] <autoupdate-check> INFO  productinfo - firmware[USL16PB] new version (6.6.53.15174) is available
[2024-01-27 02:46:07,501] <autoupdate-check> INFO  productinfo - firmware[USL24] new version (6.6.53.15174) is available
[2024-01-27 02:46:07,501] <autoupdate-check> INFO  productinfo - firmware[USL24B] new version (6.6.53.15174) is available
[2024-01-27 02:46:07,501] <autoupdate-check> INFO  productinfo - firmware[USL24P] new version (6.6.53.15174) is available
[2024-01-27 02:46:07,502] <autoupdate-check> INFO  productinfo - firmware[USL24PB] new version (6.6.53.15174) is available
[2024-01-27 02:46:07,502] <autoupdate-check> INFO  productinfo - firmware[USL48] new version (6.6.53.15174) is available
[2024-01-27 02:46:07,502] <autoupdate-check> INFO  productinfo - firmware[USL48B] new version (6.6.53.15174) is available
[2024-01-27 02:46:07,503] <autoupdate-check> INFO  productinfo - firmware[USL48P] new version (6.6.53.15174) is available
[2024-01-27 02:46:07,503] <autoupdate-check> INFO  productinfo - firmware[USL48PB] new version (6.6.53.15174) is available
[2024-01-27 02:46:07,503] <autoupdate-check> INFO  productinfo - firmware[USL8A] new version (6.6.53.15174) is available
[2024-01-27 02:46:07,504] <autoupdate-check> INFO  productinfo - firmware[USL8LP] new version (6.6.53.15174) is available
[2024-01-27 02:46:07,504] <autoupdate-check> INFO  productinfo - firmware[USL8LPB] new version (6.6.53.15174) is available
[2024-01-27 02:46:07,504] <autoupdate-check> INFO  productinfo - firmware[USL8MP] new version (6.6.53.15174) is available
[2024-01-27 02:46:07,505] <autoupdate-check> INFO  productinfo - firmware[USLP8P] new version (6.6.53.15174) is available
[2024-01-27 02:46:07,505] <autoupdate-check> INFO  productinfo - firmware[USMINI] new version (2.0.0.704) is available
[2024-01-27 02:46:07,505] <autoupdate-check> INFO  productinfo - firmware[USMINI2] new version (2.0.0.686) is available
[2024-01-27 02:46:07,505] <autoupdate-check> INFO  productinfo - firmware[USPM24] new version (7.0.33.15454) is available
[2024-01-27 02:46:07,506] <autoupdate-check> INFO  productinfo - firmware[USPM24P] new version (7.0.33.15454) is available
[2024-01-27 02:46:07,506] <autoupdate-check> INFO  productinfo - firmware[USPM48] new version (7.0.33.15454) is available
[2024-01-27 02:46:07,506] <autoupdate-check> INFO  productinfo - firmware[USPM48P] new version (7.0.33.15454) is available
[2024-01-27 02:46:07,507] <autoupdate-check> INFO  productinfo - firmware[USPPDUHD] new version (6.6.53.15174) is available
[2024-01-27 02:46:07,507] <autoupdate-check> INFO  productinfo - firmware[USPPDUP] new version (6.6.53.15174) is available
[2024-01-27 02:46:07,507] <autoupdate-check> INFO  productinfo - firmware[USPRPS] new version (6.6.53.15174) is available
[2024-01-27 02:46:07,508] <autoupdate-check> INFO  productinfo - firmware[USPRPSP] new version (6.6.53.15174) is available
[2024-01-27 02:46:07,508] <autoupdate-check> INFO  productinfo - firmware[USXG] new version (6.6.53.15174) is available
[2024-01-27 02:46:07,508] <autoupdate-check> INFO  productinfo - firmware[USXG24] new version (6.6.53.15174) is available
[2024-01-27 02:46:07,508] <autoupdate-check> INFO  productinfo - firmware[UX] new version (3.1.26.12725) is available
[2024-01-27 02:46:07,509] <autoupdate-check> INFO  productinfo - firmware[UXBSDM] new version (6.6.55.15189) is available
[2024-01-27 02:46:07,509] <autoupdate-check> INFO  productinfo - firmware[UXG] new version (3.1.16.12746) is available
[2024-01-27 02:46:07,509] <autoupdate-check> INFO  productinfo - firmware[UXGPRO] new version (1.13.8.4578) is available
[2024-01-27 02:46:07,509] <autoupdate-check> INFO  productinfo - firmware[UXGPROV2] new version (3.1.16.12746) is available
[2024-01-27 02:46:07,510] <autoupdate-check> INFO  productinfo - firmware[UXSDM] new version (6.6.55.15189) is available
[2024-01-27 02:47:48,888] <pool-5-thread-1> INFO  AwsIotConnection - Connection successfully established
[2024-01-27 02:47:48,890] <pool-5-thread-1> INFO  AbstractAwsIotClient - Client connection active: 5f508654-7762-486f-aa77-70add8fcc588
[2024-01-27 02:47:50,403] <webapi-6> INFO  productinfo - Using controller channel=RELEASE, firmware channel=RELEASE. Available controller channels=[RELEASE, RELEASE_CANDIDATE, BETA], available firmware channels=[RELEASE, RELEASE_CANDIDATE, BETA]. SSO is enabled.
[2024-01-27 02:47:51,281] <webapi-9> WARN  PageNotFound - No mapping for GET /fonts/UI_Sans_v8_Regular.eb36d6ff9c768a1639ca397b4dd84137.woff2
[2024-01-27 02:47:51,303] <webapi-7> WARN  PageNotFound - No mapping for GET /fonts/Lato-Regular.bd03a2cc277bbbc338d464e679fe9942.woff2
[2024-01-27 02:47:51,312] <webapi-9> WARN  PageNotFound - No mapping for GET /fonts/Lato-Regular.27bd77b9162d388cb8d4c4217c7c5e2a.woff
[2024-01-27 02:47:51,316] <webapi-7> WARN  PageNotFound - No mapping for GET /fonts/Lato-Regular.6d4e78225df0cfd5fe1bf3e8547fefe4.ttf
[2024-01-27 02:47:51,423] <webapi-9> WARN  PageNotFound - No mapping for GET /fonts/UI_Sans_v8_Bold.a04aa79f656e7d14d4034369feb4b217.woff2
[2024-01-27 02:47:51,482] <webapi-11> WARN  PageNotFound - No mapping for GET /fonts/Lato-Bold.cccb897485813c7c256901dbca54ecf2.woff2
[2024-01-27 02:47:51,491] <webapi-10> WARN  PageNotFound - No mapping for GET /fonts/Lato-Bold.d878b6c29b10beca227e9eef4246111b.woff
[2024-01-27 02:47:51,499] <webapi-7> WARN  PageNotFound - No mapping for GET /fonts/Lato-Bold.5b1b8b856d7a8cb1cb0bae6d0573f2e9.ttf
[2024-01-27 02:49:43,444] <entrypoint> INFO - Exit signal received, commencing shutdown
[2024-01-27 02:49:43,867] <launcher> INFO  launcher - Initializing on Linux(6.5.11-linuxkit), jre17(17.0.9)
[2024-01-27 02:49:45,481] <entrypoint> INFO - Shutdown complete.
[2024-01-27 02:49:45,486] <entrypoint> INFO - Exit with status code 0
